<?xml version="1.0" encoding="UTF-8"?>
<testsuite xmlns:xsi="http://www.w3.org/2001/XMLSchema-instance" xsi:noNamespaceSchemaLocation="https://maven.apache.org/surefire/maven-surefire-plugin/xsd/surefire-test-report.xsd" name="TestSuite" time="9.313" tests="2" errors="0" skipped="0" failures="0">
  <properties>
[...]
</properties>
  <testcase name="createSingleExcelUser" classname="com.gorest.qa.tests.PostTest" time="4.409"/>
  <testcase name="createSingleExcelUser" classname="com.gorest.qa.tests.PostTest" time="3.275"/>
</testsuite>