<?xml version="1.0" encoding="UTF-8"?>
<!-- Generated by org.testng.reporters.JUnitXMLReporter -->
<testsuite ignored="1" hostname="LAPTOP-VPD2VMP9" failures="0" tests="2" name="Go Rest API Create User test" time="8.613" errors="0" timestamp="2024-05-26T10:42:26 IST">
  <testcase classname="com.gorest.qa.tests.PostTest" name="createSingleExcelUser" time="4.405"/>
  <testcase classname="com.gorest.qa.tests.PostTest" name="createSingleExcelUser" time="3.22"/>
  <testcase classname="com.gorest.qa.tests.PostTest" name="createSingleUser" time="0.0">
    <ignored/>
  </testcase> <!-- createSingleUser -->
</testsuite> <!-- Go Rest API Create User test -->
