<?xml version="1.0" encoding="UTF-8"?>
<!-- Generated by org.testng.reporters.JUnitXMLReporter -->
<testsuite ignored="0" hostname="LAPTOP-VPD2VMP9" failures="0" tests="3" name="Go Rest API Get User test" time="12.383" errors="0" timestamp="2024-05-26T09:45:42 IST">
  <testcase classname="com.gorest.qa.tests.GetTest" name="getAllUserData" time="7.107"/>
  <testcase classname="com.gorest.qa.tests.GetTest" name="getSingleUser" time="1.583"/>
  <testcase classname="com.gorest.qa.tests.GetTest" name="getUserQueryParams" time="3.258"/>
</testsuite> <!-- Go Rest API Get User test -->
